<?xml version="1.0" encoding="UTF-8"?>
<!-- Generated by org.testng.reporters.JUnitXMLReporter -->
<testsuite hostname="DESKTOP-HQ74KQ8" ignored="0" name="Free CRM App Test Cases" tests="11" failures="0" timestamp="2019-12-16T16:49:22 IST" time="797.804" errors="0">
  <testcase name="loginPageTitleTest" time="0.027" classname="com.crm.qa.testcases.LoginPageTest"/>
  <testcase name="crmLogotest" time="0.544" classname="com.crm.qa.testcases.LoginPageTest"/>
  <testcase name="LoginTest" time="41.059" classname="com.crm.qa.testcases.LoginPageTest"/>
  <testcase name="verifyUserNameTest" time="0.222" classname="com.crm.qa.testcases.HomePageTest"/>
  <testcase name="verifyHomePageTitleTest" time="0.026" classname="com.crm.qa.testcases.HomePageTest"/>
  <testcase name="clickonContactsLinkTest" time="3.439" classname="com.crm.qa.testcases.HomePageTest"/>
  <testcase name="createNewContactTest" time="6.007" classname="com.crm.qa.testcases.ContactsPageTest"/>
  <testcase name="createNewContactTest" time="5.638" classname="com.crm.qa.testcases.ContactsPageTest"/>
  <testcase name="createNewContactTest" time="5.978" classname="com.crm.qa.testcases.ContactsPageTest"/>
  <testcase name="verifyContactsTextTest" time="1.898" classname="com.crm.qa.testcases.ContactsPageTest"/>
  <testcase name="verifyNameLableTest" time="0.29" classname="com.crm.qa.testcases.ContactsPageTest"/>
</testsuite> <!-- Free CRM App Test Cases -->
