<?xml version="1.0" encoding="UTF-8"?>
<!-- Generated by org.testng.reporters.JUnitXMLReporter -->
<testsuite hostname="DESKTOP-HQ74KQ8" ignored="0" name="Free CRM App Test Cases" tests="15" failures="0" timestamp="2020-01-20T13:51:41 IST" time="874.163" errors="0">
  <testcase name="loginPageTitleTest" time="0.038" classname="com.crm.qa.testcases.LoginPageTest"/>
  <testcase name="crmLogotest" time="0.169" classname="com.crm.qa.testcases.LoginPageTest"/>
  <testcase name="LoginTest" time="46.353" classname="com.crm.qa.testcases.LoginPageTest"/>
  <testcase name="verifyUserNameTest" time="0.298" classname="com.crm.qa.testcases.HomePageTest"/>
  <testcase name="verifyHomePageTitleTest" time="0.026" classname="com.crm.qa.testcases.HomePageTest"/>
  <testcase name="clickonContactsLinkTest" time="3.366" classname="com.crm.qa.testcases.HomePageTest"/>
  <testcase name="createNewContactTest" time="3.176" classname="com.crm.qa.testcases.ContactsPageTest"/>
  <testcase name="createNewContactTest" time="5.169" classname="com.crm.qa.testcases.ContactsPageTest"/>
  <testcase name="createNewContactTest" time="4.983" classname="com.crm.qa.testcases.ContactsPageTest"/>
  <testcase name="verifyContactsTextTest" time="1.846" classname="com.crm.qa.testcases.ContactsPageTest"/>
  <testcase name="verifyNameLableTest" time="0.329" classname="com.crm.qa.testcases.ContactsPageTest"/>
  <testcase name="createNewDealTest" time="5.494" classname="com.crm.qa.testcases.DealsPageTest"/>
  <testcase name="createNewDealTest" time="5.151" classname="com.crm.qa.testcases.DealsPageTest"/>
  <testcase name="createNewDealTest" time="4.887" classname="com.crm.qa.testcases.DealsPageTest"/>
  <testcase name="verifydealsTextTest" time="1.977" classname="com.crm.qa.testcases.DealsPageTest"/>
</testsuite> <!-- Free CRM App Test Cases -->
