<?xml version="1.0" encoding="UTF-8"?>
<testng-results skipped="0" failed="0" ignored="0" total="15" passed="15">
  <reporter-output>
  </reporter-output>
  <suite name="FREE CRM Application Test Automation Test Suite" duration-ms="874163" started-at="2020-01-20T13:37:06 IST" finished-at="2020-01-20T13:51:41 IST">
    <groups>
    </groups>
    <test name="Free CRM App Test Cases" duration-ms="874163" started-at="2020-01-20T13:37:06 IST" finished-at="2020-01-20T13:51:41 IST">
      <class name="com.crm.qa.testcases.HomePageTest">
        <test-method status="PASS" signature="setUp()[pri:0, instance:com.crm.qa.testcases.HomePageTest@614ddd49]" name="setUp" is-config="true" duration-ms="52946" started-at="2020-01-20T13:39:19 IST" finished-at="2020-01-20T13:40:12 IST">
          <reporter-output>
          </reporter-output>
        </test-method> <!-- setUp -->
        <test-method status="PASS" signature="verifyUserNameTest()[pri:1, instance:com.crm.qa.testcases.HomePageTest@614ddd49]" name="verifyUserNameTest" duration-ms="298" started-at="2020-01-20T13:40:12 IST" finished-at="2020-01-20T13:40:12 IST">
          <reporter-output>
          </reporter-output>
        </test-method> <!-- verifyUserNameTest -->
        <test-method status="PASS" signature="tearDown()[pri:0, instance:com.crm.qa.testcases.HomePageTest@614ddd49]" name="tearDown" is-config="true" duration-ms="768" started-at="2020-01-20T13:40:12 IST" finished-at="2020-01-20T13:40:13 IST">
          <reporter-output>
          </reporter-output>
        </test-method> <!-- tearDown -->
        <test-method status="PASS" signature="setUp()[pri:0, instance:com.crm.qa.testcases.HomePageTest@614ddd49]" name="setUp" is-config="true" duration-ms="67925" started-at="2020-01-20T13:40:13 IST" finished-at="2020-01-20T13:41:21 IST">
          <reporter-output>
          </reporter-output>
        </test-method> <!-- setUp -->
        <test-method status="PASS" signature="verifyHomePageTitleTest()[pri:2, instance:com.crm.qa.testcases.HomePageTest@614ddd49]" name="verifyHomePageTitleTest" duration-ms="26" started-at="2020-01-20T13:41:21 IST" finished-at="2020-01-20T13:41:21 IST">
          <reporter-output>
          </reporter-output>
        </test-method> <!-- verifyHomePageTitleTest -->
        <test-method status="PASS" signature="tearDown()[pri:0, instance:com.crm.qa.testcases.HomePageTest@614ddd49]" name="tearDown" is-config="true" duration-ms="770" started-at="2020-01-20T13:41:21 IST" finished-at="2020-01-20T13:41:22 IST">
          <reporter-output>
          </reporter-output>
        </test-method> <!-- tearDown -->
        <test-method status="PASS" signature="setUp()[pri:0, instance:com.crm.qa.testcases.HomePageTest@614ddd49]" name="setUp" is-config="true" duration-ms="70174" started-at="2020-01-20T13:41:22 IST" finished-at="2020-01-20T13:42:32 IST">
          <reporter-output>
          </reporter-output>
        </test-method> <!-- setUp -->
        <test-method status="PASS" signature="clickonContactsLinkTest()[pri:3, instance:com.crm.qa.testcases.HomePageTest@614ddd49]" name="clickonContactsLinkTest" duration-ms="3366" started-at="2020-01-20T13:42:32 IST" finished-at="2020-01-20T13:42:35 IST">
          <reporter-output>
          </reporter-output>
        </test-method> <!-- clickonContactsLinkTest -->
        <test-method status="PASS" signature="tearDown()[pri:0, instance:com.crm.qa.testcases.HomePageTest@614ddd49]" name="tearDown" is-config="true" duration-ms="792" started-at="2020-01-20T13:42:35 IST" finished-at="2020-01-20T13:42:36 IST">
          <reporter-output>
          </reporter-output>
        </test-method> <!-- tearDown -->
      </class> <!-- com.crm.qa.testcases.HomePageTest -->
      <class name="com.crm.qa.testcases.ContactsPageTest">
        <test-method status="PASS" signature="setUp()[pri:0, instance:com.crm.qa.testcases.ContactsPageTest@1f554b06]" name="setUp" is-config="true" duration-ms="46865" started-at="2020-01-20T13:42:37 IST" finished-at="2020-01-20T13:43:24 IST">
          <reporter-output>
          </reporter-output>
        </test-method> <!-- setUp -->
        <test-method status="PASS" signature="createNewContactTest(java.lang.String, java.lang.String, java.lang.String, java.lang.String)[pri:1, instance:com.crm.qa.testcases.ContactsPageTest@1f554b06]" name="createNewContactTest" duration-ms="3176" started-at="2020-01-20T13:43:24 IST" data-provider="getCRMTestData" finished-at="2020-01-20T13:43:27 IST">
          <params>
            <param index="0">
              <value>
                <![CDATA[Mr.]]>
              </value>
            </param>
            <param index="1">
              <value>
                <![CDATA[Tom]]>
              </value>
            </param>
            <param index="2">
              <value>
                <![CDATA[Peter]]>
              </value>
            </param>
            <param index="3">
              <value>
                <![CDATA[Google]]>
              </value>
            </param>
          </params>
          <reporter-output>
          </reporter-output>
        </test-method> <!-- createNewContactTest -->
        <test-method status="PASS" signature="tearDown()[pri:0, instance:com.crm.qa.testcases.ContactsPageTest@1f554b06]" name="tearDown" is-config="true" duration-ms="845" started-at="2020-01-20T13:43:27 IST" finished-at="2020-01-20T13:43:28 IST">
          <reporter-output>
          </reporter-output>
        </test-method> <!-- tearDown -->
        <test-method status="PASS" signature="setUp()[pri:0, instance:com.crm.qa.testcases.ContactsPageTest@1f554b06]" name="setUp" is-config="true" duration-ms="43278" started-at="2020-01-20T13:43:28 IST" finished-at="2020-01-20T13:44:11 IST">
          <reporter-output>
          </reporter-output>
        </test-method> <!-- setUp -->
        <test-method status="PASS" signature="createNewContactTest(java.lang.String, java.lang.String, java.lang.String, java.lang.String)[pri:1, instance:com.crm.qa.testcases.ContactsPageTest@1f554b06]" name="createNewContactTest" duration-ms="5169" started-at="2020-01-20T13:44:11 IST" data-provider="getCRMTestData" finished-at="2020-01-20T13:44:17 IST">
          <params>
            <param index="0">
              <value>
                <![CDATA[Dr.]]>
              </value>
            </param>
            <param index="1">
              <value>
                <![CDATA[Ravi]]>
              </value>
            </param>
            <param index="2">
              <value>
                <![CDATA[Lella]]>
              </value>
            </param>
            <param index="3">
              <value>
                <![CDATA[Ebay]]>
              </value>
            </param>
          </params>
          <reporter-output>
          </reporter-output>
        </test-method> <!-- createNewContactTest -->
        <test-method status="PASS" signature="tearDown()[pri:0, instance:com.crm.qa.testcases.ContactsPageTest@1f554b06]" name="tearDown" is-config="true" duration-ms="885" started-at="2020-01-20T13:44:17 IST" finished-at="2020-01-20T13:44:17 IST">
          <reporter-output>
          </reporter-output>
        </test-method> <!-- tearDown -->
        <test-method status="PASS" signature="setUp()[pri:0, instance:com.crm.qa.testcases.ContactsPageTest@1f554b06]" name="setUp" is-config="true" duration-ms="58162" started-at="2020-01-20T13:44:17 IST" finished-at="2020-01-20T13:45:16 IST">
          <reporter-output>
          </reporter-output>
        </test-method> <!-- setUp -->
        <test-method status="PASS" signature="createNewContactTest(java.lang.String, java.lang.String, java.lang.String, java.lang.String)[pri:1, instance:com.crm.qa.testcases.ContactsPageTest@1f554b06]" name="createNewContactTest" duration-ms="4983" started-at="2020-01-20T13:45:16 IST" data-provider="getCRMTestData" finished-at="2020-01-20T13:45:21 IST">
          <params>
            <param index="0">
              <value>
                <![CDATA[Mrs.]]>
              </value>
            </param>
            <param index="1">
              <value>
                <![CDATA[Viajaya]]>
              </value>
            </param>
            <param index="2">
              <value>
                <![CDATA[Lakshmi]]>
              </value>
            </param>
            <param index="3">
              <value>
                <![CDATA[IBM]]>
              </value>
            </param>
          </params>
          <reporter-output>
          </reporter-output>
        </test-method> <!-- createNewContactTest -->
        <test-method status="PASS" signature="tearDown()[pri:0, instance:com.crm.qa.testcases.ContactsPageTest@1f554b06]" name="tearDown" is-config="true" duration-ms="843" started-at="2020-01-20T13:45:21 IST" finished-at="2020-01-20T13:45:21 IST">
          <reporter-output>
          </reporter-output>
        </test-method> <!-- tearDown -->
        <test-method status="PASS" signature="setUp()[pri:0, instance:com.crm.qa.testcases.ContactsPageTest@1f554b06]" name="setUp" is-config="true" duration-ms="82287" started-at="2020-01-20T13:45:21 IST" finished-at="2020-01-20T13:46:44 IST">
          <reporter-output>
          </reporter-output>
        </test-method> <!-- setUp -->
        <test-method status="PASS" signature="verifyContactsTextTest()[pri:2, instance:com.crm.qa.testcases.ContactsPageTest@1f554b06]" name="verifyContactsTextTest" duration-ms="1846" started-at="2020-01-20T13:46:44 IST" finished-at="2020-01-20T13:46:46 IST">
          <reporter-output>
          </reporter-output>
        </test-method> <!-- verifyContactsTextTest -->
        <test-method status="PASS" signature="tearDown()[pri:0, instance:com.crm.qa.testcases.ContactsPageTest@1f554b06]" name="tearDown" is-config="true" duration-ms="870" started-at="2020-01-20T13:46:46 IST" finished-at="2020-01-20T13:46:46 IST">
          <reporter-output>
          </reporter-output>
        </test-method> <!-- tearDown -->
        <test-method status="PASS" signature="setUp()[pri:0, instance:com.crm.qa.testcases.ContactsPageTest@1f554b06]" name="setUp" is-config="true" duration-ms="52030" started-at="2020-01-20T13:46:46 IST" finished-at="2020-01-20T13:47:38 IST">
          <reporter-output>
          </reporter-output>
        </test-method> <!-- setUp -->
        <test-method status="PASS" signature="verifyNameLableTest()[pri:3, instance:com.crm.qa.testcases.ContactsPageTest@1f554b06]" name="verifyNameLableTest" duration-ms="329" started-at="2020-01-20T13:47:38 IST" finished-at="2020-01-20T13:47:39 IST">
          <reporter-output>
          </reporter-output>
        </test-method> <!-- verifyNameLableTest -->
        <test-method status="PASS" signature="tearDown()[pri:0, instance:com.crm.qa.testcases.ContactsPageTest@1f554b06]" name="tearDown" is-config="true" duration-ms="765" started-at="2020-01-20T13:47:39 IST" finished-at="2020-01-20T13:47:40 IST">
          <reporter-output>
          </reporter-output>
        </test-method> <!-- tearDown -->
      </class> <!-- com.crm.qa.testcases.ContactsPageTest -->
      <class name="com.crm.qa.testcases.LoginPageTest">
        <test-method status="PASS" signature="setUp()[pri:0, instance:com.crm.qa.testcases.LoginPageTest@76707e36]" name="setUp" is-config="true" duration-ms="28225" started-at="2020-01-20T13:37:07 IST" finished-at="2020-01-20T13:37:35 IST">
          <reporter-output>
          </reporter-output>
        </test-method> <!-- setUp -->
        <test-method status="PASS" signature="loginPageTitleTest()[pri:1, instance:com.crm.qa.testcases.LoginPageTest@76707e36]" name="loginPageTitleTest" duration-ms="38" started-at="2020-01-20T13:37:35 IST" finished-at="2020-01-20T13:37:35 IST">
          <reporter-output>
          </reporter-output>
        </test-method> <!-- loginPageTitleTest -->
        <test-method status="PASS" signature="teardown()[pri:0, instance:com.crm.qa.testcases.LoginPageTest@76707e36]" name="teardown" is-config="true" duration-ms="859" started-at="2020-01-20T13:37:35 IST" finished-at="2020-01-20T13:37:36 IST">
          <reporter-output>
          </reporter-output>
        </test-method> <!-- teardown -->
        <test-method status="PASS" signature="setUp()[pri:0, instance:com.crm.qa.testcases.LoginPageTest@76707e36]" name="setUp" is-config="true" duration-ms="24972" started-at="2020-01-20T13:37:36 IST" finished-at="2020-01-20T13:38:01 IST">
          <reporter-output>
          </reporter-output>
        </test-method> <!-- setUp -->
        <test-method status="PASS" signature="crmLogotest()[pri:2, instance:com.crm.qa.testcases.LoginPageTest@76707e36]" name="crmLogotest" duration-ms="169" started-at="2020-01-20T13:38:01 IST" finished-at="2020-01-20T13:38:01 IST">
          <reporter-output>
          </reporter-output>
        </test-method> <!-- crmLogotest -->
        <test-method status="PASS" signature="teardown()[pri:0, instance:com.crm.qa.testcases.LoginPageTest@76707e36]" name="teardown" is-config="true" duration-ms="774" started-at="2020-01-20T13:38:01 IST" finished-at="2020-01-20T13:38:02 IST">
          <reporter-output>
          </reporter-output>
        </test-method> <!-- teardown -->
        <test-method status="PASS" signature="setUp()[pri:0, instance:com.crm.qa.testcases.LoginPageTest@76707e36]" name="setUp" is-config="true" duration-ms="30177" started-at="2020-01-20T13:38:02 IST" finished-at="2020-01-20T13:38:32 IST">
          <reporter-output>
          </reporter-output>
        </test-method> <!-- setUp -->
        <test-method status="PASS" signature="LoginTest()[pri:3, instance:com.crm.qa.testcases.LoginPageTest@76707e36]" name="LoginTest" duration-ms="46353" started-at="2020-01-20T13:38:32 IST" finished-at="2020-01-20T13:39:18 IST">
          <reporter-output>
          </reporter-output>
        </test-method> <!-- LoginTest -->
        <test-method status="PASS" signature="teardown()[pri:0, instance:com.crm.qa.testcases.LoginPageTest@76707e36]" name="teardown" is-config="true" duration-ms="848" started-at="2020-01-20T13:39:18 IST" finished-at="2020-01-20T13:39:19 IST">
          <reporter-output>
          </reporter-output>
        </test-method> <!-- teardown -->
      </class> <!-- com.crm.qa.testcases.LoginPageTest -->
      <class name="com.crm.qa.testcases.DealsPageTest">
        <test-method status="PASS" signature="setUp()[pri:0, instance:com.crm.qa.testcases.DealsPageTest@694e1548]" name="setUp" is-config="true" duration-ms="35527" started-at="2020-01-20T13:47:40 IST" finished-at="2020-01-20T13:48:15 IST">
          <reporter-output>
          </reporter-output>
        </test-method> <!-- setUp -->
        <test-method status="PASS" signature="createNewDealTest(java.lang.String, java.lang.String, java.lang.String, java.lang.String)[pri:1, instance:com.crm.qa.testcases.DealsPageTest@694e1548]" name="createNewDealTest" duration-ms="5494" started-at="2020-01-20T13:48:15 IST" data-provider="getCRMTestData" finished-at="2020-01-20T13:48:21 IST">
          <params>
            <param index="0">
              <value>
                <![CDATA[SamSungDeal]]>
              </value>
            </param>
            <param index="1">
              <value>
                <![CDATA[Harman]]>
              </value>
            </param>
            <param index="2">
              <value>
                <![CDATA[5.678943678E9]]>
              </value>
            </param>
            <param index="3">
              <value>
                <![CDATA[1000.0]]>
              </value>
            </param>
          </params>
          <reporter-output>
          </reporter-output>
        </test-method> <!-- createNewDealTest -->
        <test-method status="PASS" signature="tearDown()[pri:0, instance:com.crm.qa.testcases.DealsPageTest@694e1548]" name="tearDown" is-config="true" duration-ms="845" started-at="2020-01-20T13:48:21 IST" finished-at="2020-01-20T13:48:22 IST">
          <reporter-output>
          </reporter-output>
        </test-method> <!-- tearDown -->
        <test-method status="PASS" signature="setUp()[pri:0, instance:com.crm.qa.testcases.DealsPageTest@694e1548]" name="setUp" is-config="true" duration-ms="68328" started-at="2020-01-20T13:48:22 IST" finished-at="2020-01-20T13:49:30 IST">
          <reporter-output>
          </reporter-output>
        </test-method> <!-- setUp -->
        <test-method status="PASS" signature="createNewDealTest(java.lang.String, java.lang.String, java.lang.String, java.lang.String)[pri:1, instance:com.crm.qa.testcases.DealsPageTest@694e1548]" name="createNewDealTest" duration-ms="5151" started-at="2020-01-20T13:49:30 IST" data-provider="getCRMTestData" finished-at="2020-01-20T13:49:35 IST">
          <params>
            <param index="0">
              <value>
                <![CDATA[AppleDeal]]>
              </value>
            </param>
            <param index="1">
              <value>
                <![CDATA[IOS]]>
              </value>
            </param>
            <param index="2">
              <value>
                <![CDATA[8.576937458E9]]>
              </value>
            </param>
            <param index="3">
              <value>
                <![CDATA[2000.0]]>
              </value>
            </param>
          </params>
          <reporter-output>
          </reporter-output>
        </test-method> <!-- createNewDealTest -->
        <test-method status="PASS" signature="tearDown()[pri:0, instance:com.crm.qa.testcases.DealsPageTest@694e1548]" name="tearDown" is-config="true" duration-ms="795" started-at="2020-01-20T13:49:35 IST" finished-at="2020-01-20T13:49:36 IST">
          <reporter-output>
          </reporter-output>
        </test-method> <!-- tearDown -->
        <test-method status="PASS" signature="setUp()[pri:0, instance:com.crm.qa.testcases.DealsPageTest@694e1548]" name="setUp" is-config="true" duration-ms="64713" started-at="2020-01-20T13:49:36 IST" finished-at="2020-01-20T13:50:41 IST">
          <reporter-output>
          </reporter-output>
        </test-method> <!-- setUp -->
        <test-method status="PASS" signature="createNewDealTest(java.lang.String, java.lang.String, java.lang.String, java.lang.String)[pri:1, instance:com.crm.qa.testcases.DealsPageTest@694e1548]" name="createNewDealTest" duration-ms="4887" started-at="2020-01-20T13:50:41 IST" data-provider="getCRMTestData" finished-at="2020-01-20T13:50:45 IST">
          <params>
            <param index="0">
              <value>
                <![CDATA[OnePluasDeal]]>
              </value>
            </param>
            <param index="1">
              <value>
                <![CDATA[IBM]]>
              </value>
            </param>
            <param index="2">
              <value>
                <![CDATA[1.23456789E9]]>
              </value>
            </param>
            <param index="3">
              <value>
                <![CDATA[12345.0]]>
              </value>
            </param>
          </params>
          <reporter-output>
          </reporter-output>
        </test-method> <!-- createNewDealTest -->
        <test-method status="PASS" signature="tearDown()[pri:0, instance:com.crm.qa.testcases.DealsPageTest@694e1548]" name="tearDown" is-config="true" duration-ms="833" started-at="2020-01-20T13:50:45 IST" finished-at="2020-01-20T13:50:46 IST">
          <reporter-output>
          </reporter-output>
        </test-method> <!-- tearDown -->
        <test-method status="PASS" signature="setUp()[pri:0, instance:com.crm.qa.testcases.DealsPageTest@694e1548]" name="setUp" is-config="true" duration-ms="51717" started-at="2020-01-20T13:50:46 IST" finished-at="2020-01-20T13:51:38 IST">
          <reporter-output>
          </reporter-output>
        </test-method> <!-- setUp -->
        <test-method status="PASS" signature="verifydealsTextTest()[pri:2, instance:com.crm.qa.testcases.DealsPageTest@694e1548]" name="verifydealsTextTest" duration-ms="1977" started-at="2020-01-20T13:51:38 IST" finished-at="2020-01-20T13:51:40 IST">
          <reporter-output>
          </reporter-output>
        </test-method> <!-- verifydealsTextTest -->
        <test-method status="PASS" signature="tearDown()[pri:0, instance:com.crm.qa.testcases.DealsPageTest@694e1548]" name="tearDown" is-config="true" duration-ms="724" started-at="2020-01-20T13:51:40 IST" finished-at="2020-01-20T13:51:41 IST">
          <reporter-output>
          </reporter-output>
        </test-method> <!-- tearDown -->
      </class> <!-- com.crm.qa.testcases.DealsPageTest -->
    </test> <!-- Free CRM App Test Cases -->
  </suite> <!-- FREE CRM Application Test Automation Test Suite -->
</testng-results>
